<?xml version="1.0" encoding="UTF-8"?>
<!-- Generated by org.testng.reporters.JUnitReportReporter -->
<testsuite hostname="DESKTOP-MGEPR81" failures="0" tests="1" name="TestSuite.AllTest" time="57.291" errors="0" timestamp="22 Jun 2022 09:57:05 GMT" skipped="0">
  <testcase classname="TestSuite.AllTest" name="testing" time="57.291"/>
</testsuite> <!-- TestSuite.AllTest -->
